03/23/2026 21:21:48: XD_RF_CONTROLLER( 2401 )	"XD_RF_CONTROLLER: Action=" + cAction + " Param=" + cParam = E"XD_RF_CONTROLLER: Action=WA_EXEC_SETCODE Param=HARBOUR|FUNCTION __XDBridge(p1,p2)\r\n RETURN PageHeader1_OnBeforePrint(p1,p2)\r\n//LANGUAGE:HARBOUR\r\nvoid PageHeader1_OnBeforePrint(object sender, EventArgs e) {\r\n  // Este codigo se enviara a Harbour mediante WA_EXEC_EXTERNAL_SCRIPT\r\n}\r\n\r\nvoid mClick_OnClick(object sender, EventArgs e) {\r\n  // Este codigo tambien se enviara a Harbour\r\n}\r\n"	
03/23/2026 21:21:48: TXDFASTREPORT:XD_EXECUTE( 2036 )	"XD_Execute: Final Code Generated:" + hb_eol() + "---BEGIN---" + hb_eol() + cCode + hb_eol() + "---END---" = E"XD_Execute: Final Code Generated:\r\n---BEGIN---\r\nMEMVAR XD_Report\r\n\r\nFUNCTION __Main( p1, p2 )\r\n   PRIVATE XD_Report := p2\r\n   RETURN __XDBridge( p1, p2 )\r\n\r\nFUNCTION __XDBridge(p1,p2)\r\n RETURN PageHeader1_OnBeforePrint(p1,p2)\r\n//LANGUAGE:HARBOUR\r\nFUNCTION PageHeader1_OnBeforePrint() \r\n\r\n  // Este codigo se enviara a Harbour mediante WA_EXEC_EXTERNAL_SCRIPT\r\n\r\nRETURN NIL\r\n\r\n\r\nFUNCTION mClick_OnClick() \r\n\r\n  // Este codigo tambien se enviara a Harbour\r\n\r\nRETURN NIL\r\n\r\n\r\n---END---"	
03/23/2026 21:21:48: TXDFASTREPORT:XD_EXECUTE( 2037 )	"XD_Execute: Wrapper Added. Compiling..." = "XD_Execute: Wrapper Added. Compiling..."	
03/23/2026 21:21:48: TXDFASTREPORT:XD_EXECUTE( 2065 )	"XD_Execute: Compilation Success. Running..." = "XD_Execute: Compilation Success. Running..."	
03/23/2026 21:21:48: TXDFASTREPORT:XD_EXECUTE( 2075 )	"XD_Execute: Execution Success. Return Type: " + ValType(uRet) = "XD_Execute: Execution Success. Return Type: C"	
03/23/2026 21:21:48: XD_RF_CONTROLLER( 2401 )	"XD_RF_CONTROLLER: Action=" + cAction + " Param=" + cParam = "XD_RF_CONTROLLER: Action=WA_EXEC_SETCODE Param=JS|Math.PI * 2"	
03/23/2026 21:21:48: XD_RF_CONTROLLER( 2401 )	"XD_RF_CONTROLLER: Action=" + cAction + " Param=" + cParam = "XD_RF_CONTROLLER: Action=WA_EXEC_SETCODE Param=PYTHON|3*2"	
03/23/2026 21:21:52: XD_RF_CONTROLLER( 2401 )	"XD_RF_CONTROLLER: Action=" + cAction + " Param=" + cParam = E"XD_RF_CONTROLLER: Action=WA_EXEC_SETCODE Param=HARBOUR|FUNCTION __XDBridge(p1,p2)\r\n RETURN PageHeader1_OnBeforePrint(p1,p2)\r\n//LANGUAGE:HARBOUR\r\nvoid PageHeader1_OnBeforePrint(object sender, EventArgs e) {\r\n  // Este codigo se enviara a Harbour mediante WA_EXEC_EXTERNAL_SCRIPT\r\n}\r\n\r\nvoid mClick_OnClick(object sender, EventArgs e) {\r\n  // Este codigo tambien se enviara a Harbour\r\n}\r\n"	
03/23/2026 21:21:52: TXDFASTREPORT:XD_EXECUTE( 2036 )	"XD_Execute: Final Code Generated:" + hb_eol() + "---BEGIN---" + hb_eol() + cCode + hb_eol() + "---END---" = E"XD_Execute: Final Code Generated:\r\n---BEGIN---\r\nMEMVAR XD_Report\r\n\r\nFUNCTION __Main( p1, p2 )\r\n   PRIVATE XD_Report := p2\r\n   RETURN __XDBridge( p1, p2 )\r\n\r\nFUNCTION __XDBridge(p1,p2)\r\n RETURN PageHeader1_OnBeforePrint(p1,p2)\r\n//LANGUAGE:HARBOUR\r\nFUNCTION PageHeader1_OnBeforePrint() \r\n\r\n  // Este codigo se enviara a Harbour mediante WA_EXEC_EXTERNAL_SCRIPT\r\n\r\nRETURN NIL\r\n\r\n\r\nFUNCTION mClick_OnClick() \r\n\r\n  // Este codigo tambien se enviara a Harbour\r\n\r\nRETURN NIL\r\n\r\n\r\n---END---"	
03/23/2026 21:21:52: TXDFASTREPORT:XD_EXECUTE( 2037 )	"XD_Execute: Wrapper Added. Compiling..." = "XD_Execute: Wrapper Added. Compiling..."	
03/23/2026 21:21:52: TXDFASTREPORT:XD_EXECUTE( 2065 )	"XD_Execute: Compilation Success. Running..." = "XD_Execute: Compilation Success. Running..."	
03/23/2026 21:21:52: TXDFASTREPORT:XD_EXECUTE( 2075 )	"XD_Execute: Execution Success. Return Type: " + ValType(uRet) = "XD_Execute: Execution Success. Return Type: C"	
03/23/2026 21:21:52: XD_RF_CONTROLLER( 2401 )	"XD_RF_CONTROLLER: Action=" + cAction + " Param=" + cParam = "XD_RF_CONTROLLER: Action=WA_EXEC_SETCODE Param=JS|Math.PI * 2"	
03/23/2026 21:21:52: XD_RF_CONTROLLER( 2401 )	"XD_RF_CONTROLLER: Action=" + cAction + " Param=" + cParam = "XD_RF_CONTROLLER: Action=WA_EXEC_SETCODE Param=PYTHON|3*2"	
03/23/2026 21:22:09: XD_RF_CONTROLLER( 2401 )	"XD_RF_CONTROLLER: Action=" + cAction + " Param=" + cParam = "XD_RF_CONTROLLER: Action=WA_EXEC_SETCODE Param=HARBOUR|RETURN DToC( Date() + 400 )"	
03/23/2026 21:22:09: TXDFASTREPORT:XD_EXECUTE( 2036 )	"XD_Execute: Final Code Generated:" + hb_eol() + "---BEGIN---" + hb_eol() + cCode + hb_eol() + "---END---" = E"XD_Execute: Final Code Generated:\r\n---BEGIN---\r\nMEMVAR XD_Report\r\n\r\nFUNCTION __Main( p1, p2 )\r\n   PRIVATE XD_Report := p2\r\n   RETURN __ScriptBody( p1, p2 )\r\n\r\nFUNCTION __ScriptBody( p1, p2 )\r\nRETURN DToC( Date() + 400 )\r\n---END---"	
03/23/2026 21:22:09: TXDFASTREPORT:XD_EXECUTE( 2037 )	"XD_Execute: Wrapper Added. Compiling..." = "XD_Execute: Wrapper Added. Compiling..."	
03/23/2026 21:22:09: TXDFASTREPORT:XD_EXECUTE( 2065 )	"XD_Execute: Compilation Success. Running..." = "XD_Execute: Compilation Success. Running..."	
03/23/2026 21:22:09: TXDFASTREPORT:XD_EXECUTE( 2075 )	"XD_Execute: Execution Success. Return Type: " + ValType(uRet) = "XD_Execute: Execution Success. Return Type: C"	
03/23/2026 21:22:12: XD_RF_CONTROLLER( 2401 )	"XD_RF_CONTROLLER: Action=" + cAction + " Param=" + cParam = "XD_RF_CONTROLLER: Action=WA_EXEC_SETCODE Param=HARBOUR|RETURN DToC( Date() + 400 )"	
03/23/2026 21:22:12: TXDFASTREPORT:XD_EXECUTE( 2036 )	"XD_Execute: Final Code Generated:" + hb_eol() + "---BEGIN---" + hb_eol() + cCode + hb_eol() + "---END---" = E"XD_Execute: Final Code Generated:\r\n---BEGIN---\r\nMEMVAR XD_Report\r\n\r\nFUNCTION __Main( p1, p2 )\r\n   PRIVATE XD_Report := p2\r\n   RETURN __ScriptBody( p1, p2 )\r\n\r\nFUNCTION __ScriptBody( p1, p2 )\r\nRETURN DToC( Date() + 400 )\r\n---END---"	
03/23/2026 21:22:12: TXDFASTREPORT:XD_EXECUTE( 2037 )	"XD_Execute: Wrapper Added. Compiling..." = "XD_Execute: Wrapper Added. Compiling..."	
03/23/2026 21:22:12: TXDFASTREPORT:XD_EXECUTE( 2065 )	"XD_Execute: Compilation Success. Running..." = "XD_Execute: Compilation Success. Running..."	
03/23/2026 21:22:12: TXDFASTREPORT:XD_EXECUTE( 2075 )	"XD_Execute: Execution Success. Return Type: " + ValType(uRet) = "XD_Execute: Execution Success. Return Type: C"	
